This is pdfTeX, Version 3.1415926-2.3-1.40.12 (TeX Live 2011) (format=pdflatex 2011.7.3)  31 JAN 2014 00:24
entering extended mode
 \write18 enabled.
 file:line:error style messages enabled.
 %&-line parsing enabled.
**paper.tex
(./paper.tex
LaTeX2e <2009/09/24>
Babel <v3.8l> and hyphenation patterns for english, dumylang, nohyphenation, ge
rman-x-2009-06-19, ngerman-x-2009-06-19, afrikaans, ancientgreek, ibycus, arabi
c, armenian, basque, bulgarian, catalan, pinyin, coptic, croatian, czech, danis
h, dutch, ukenglish, usenglishmax, esperanto, estonian, ethiopic, farsi, finnis
h, french, galician, german, ngerman, swissgerman, monogreek, greek, hungarian,
 icelandic, assamese, bengali, gujarati, hindi, kannada, malayalam, marathi, or
iya, panjabi, tamil, telugu, indonesian, interlingua, irish, italian, kurmanji,
 lao, latin, latvian, lithuanian, mongolian, mongolianlmc, bokmal, nynorsk, pol
ish, portuguese, romanian, russian, sanskrit, serbian, serbianc, slovak, sloven
ian, spanish, swedish, turkish, turkmen, ukrainian, uppersorbian, welsh, loaded
.
(./imsart.cls
Document Class: imsart 2010/04/27 driver class for package imsart.sty
(/usr/local/texlive/2011/texmf-dist/tex/latex/base/article.cls
Document Class: article 2007/10/19 v1.4h Standard LaTeX document class
(/usr/local/texlive/2011/texmf-dist/tex/latex/base/leqno.clo
File: leqno.clo 1998/08/17 v1.1c Standard LaTeX option (left equation numbers)
)
(/usr/local/texlive/2011/texmf-dist/tex/latex/base/size11.clo
File: size11.clo 2007/10/19 v1.4h Standard LaTeX file (size option)
)
\c@part=\count79
\c@section=\count80
\c@subsection=\count81
\c@subsubsection=\count82
\c@paragraph=\count83
\c@subparagraph=\count84
\c@figure=\count85
\c@table=\count86
\abovecaptionskip=\skip41
\belowcaptionskip=\skip42
\bibindent=\dimen102
) (./imsart.sty
File: imsart.sty 2013/03/06IMS article style (VS)

No file imsart.cnf.
(/usr/local/texlive/2011/texmf-dist/tex/latex/base/leqno.clo
File: leqno.clo 1998/08/17 v1.1c Standard LaTeX option (left equation numbers)
)
\c@firstpage=\count87
\c@lastpage=\count88
\c@thanks=\count89
\c@addressref=\count90

(/usr/local/texlive/2011/texmf-dist/tex/latex/graphics/keyval.sty
Package: keyval 1999/03/16 v1.13 key=value parser (DPC)
\KV@toks@=\toks14
)
\c@emailref=\count91
\c@author=\count92
\c@address=\count93
\sv@mathsurround=\dimen103
\sv@parindent=\dimen104
\fm@box=\box26
\fm@size=\dimen105
\t@xtheight=\dimen106
\abstract@box=\box27
\keyword@box=\box28
\pre@kwd@depth=\dimen107
\keyword@toks=\toks15
\authors@list=\toks16
\keywords@list=\toks17

No file imsart-aoas.cnf.
)) (/usr/local/texlive/2011/texmf-dist/tex/latex/psnfss/times.sty
Package: times 2005/04/12 PSNFSS-v9.2a (SPQR) 
)
(/usr/local/texlive/2011/texmf-dist/tex/latex/amsmath/amsmath.sty
Package: amsmath 2000/07/18 v2.13 AMS math features
\@mathmargin=\skip43

For additional information on amsmath, use the `?' option.
(/usr/local/texlive/2011/texmf-dist/tex/latex/amsmath/amstext.sty
Package: amstext 2000/06/29 v2.01

(/usr/local/texlive/2011/texmf-dist/tex/latex/amsmath/amsgen.sty
File: amsgen.sty 1999/11/30 v2.0
\@emptytoks=\toks18
\ex@=\dimen108
))
(/usr/local/texlive/2011/texmf-dist/tex/latex/amsmath/amsbsy.sty
Package: amsbsy 1999/11/29 v1.2d
\pmbraise@=\dimen109
)
(/usr/local/texlive/2011/texmf-dist/tex/latex/amsmath/amsopn.sty
Package: amsopn 1999/12/14 v2.01 operator names
)
\inf@bad=\count94
LaTeX Info: Redefining \frac on input line 211.
\uproot@=\count95
\leftroot@=\count96
LaTeX Info: Redefining \overline on input line 307.
\classnum@=\count97
\DOTSCASE@=\count98
LaTeX Info: Redefining \ldots on input line 379.
LaTeX Info: Redefining \dots on input line 382.
LaTeX Info: Redefining \cdots on input line 467.
\Mathstrutbox@=\box29
\strutbox@=\box30
\big@size=\dimen110
LaTeX Font Info:    Redeclaring font encoding OML on input line 567.
LaTeX Font Info:    Redeclaring font encoding OMS on input line 568.
\macc@depth=\count99
\c@MaxMatrixCols=\count100
\dotsspace@=\muskip10
\c@parentequation=\count101
\dspbrk@lvl=\count102
\tag@help=\toks19
\row@=\count103
\column@=\count104
\maxfields@=\count105
\andhelp@=\toks20
\eqnshift@=\dimen111
\alignsep@=\dimen112
\tagshift@=\dimen113
\tagwidth@=\dimen114
\totwidth@=\dimen115
\lineht@=\dimen116
\@envbody=\toks21
\multlinegap=\skip44
\multlinetaggap=\skip45
\mathdisplay@stack=\toks22
LaTeX Info: Redefining \[ on input line 2666.
LaTeX Info: Redefining \] on input line 2667.
)
(/usr/local/texlive/2011/texmf-dist/tex/latex/amscls/amsthm.sty
Package: amsthm 2009/07/02 v2.20.1
\thm@style=\toks23
\thm@bodyfont=\toks24
\thm@headfont=\toks25
\thm@notefont=\toks26
\thm@headpunct=\toks27
\thm@preskip=\skip46
\thm@postskip=\skip47
\thm@headsep=\skip48
\dth@everypar=\toks28
)
(/usr/local/texlive/2011/texmf-dist/tex/latex/amsfonts/amssymb.sty
Package: amssymb 2009/06/22 v3.00

(/usr/local/texlive/2011/texmf-dist/tex/latex/amsfonts/amsfonts.sty
Package: amsfonts 2009/06/22 v3.00 Basic AMSFonts support


Package amsfonts Warning: The 'psamsfonts' option is obsolete in AMSFonts v3.

\symAMSa=\mathgroup4
\symAMSb=\mathgroup5
LaTeX Font Info:    Overwriting math alphabet `\mathfrak' in version `bold'
(Font)                  U/euf/m/n --> U/euf/b/n on input line 96.
)) (/usr/local/texlive/2011/texmf-dist/tex/latex/fancyhdr/fancyhdr.sty
\fancy@headwidth=\skip49
\f@ncyO@elh=\skip50
\f@ncyO@erh=\skip51
\f@ncyO@olh=\skip52
\f@ncyO@orh=\skip53
\f@ncyO@elf=\skip54
\f@ncyO@erf=\skip55
\f@ncyO@olf=\skip56
\f@ncyO@orf=\skip57
)
(/usr/local/texlive/2011/texmf-dist/tex/latex/moreverb/moreverb.sty
Package: moreverb 2008/06/03 v2.3a `more' verbatim facilities

(/usr/local/texlive/2011/texmf-dist/tex/latex/tools/verbatim.sty
Package: verbatim 2003/08/22 v1.5q LaTeX2e package for verbatim enhancements
\every@verbatim=\toks29
\verbatim@line=\toks30
\verbatim@in@stream=\read1
)
\tab@position=\count106
\tab@size=\count107
\listing@line=\count108
)
(/usr/local/texlive/2011/texmf-dist/tex/latex/graphics/graphicx.sty
Package: graphicx 1999/02/16 v1.0f Enhanced LaTeX Graphics (DPC,SPQR)

(/usr/local/texlive/2011/texmf-dist/tex/latex/graphics/graphics.sty
Package: graphics 2009/02/05 v1.0o Standard LaTeX Graphics (DPC,SPQR)

(/usr/local/texlive/2011/texmf-dist/tex/latex/graphics/trig.sty
Package: trig 1999/03/16 v1.09 sin cos tan (DPC)
)
(/usr/local/texlive/2011/texmf-dist/tex/latex/latexconfig/graphics.cfg
File: graphics.cfg 2010/04/23 v1.9 graphics configuration of TeX Live
)
Package graphics Info: Driver file: pdftex.def on input line 91.

(/usr/local/texlive/2011/texmf-dist/tex/latex/pdftex-def/pdftex.def
File: pdftex.def 2011/05/27 v0.06d Graphics/color for pdfTeX

(/usr/local/texlive/2011/texmf-dist/tex/generic/oberdiek/infwarerr.sty
Package: infwarerr 2010/04/08 v1.3 Providing info/warning/message (HO)
)
(/usr/local/texlive/2011/texmf-dist/tex/generic/oberdiek/ltxcmds.sty
Package: ltxcmds 2011/04/18 v1.20 LaTeX kernel commands for general use (HO)
)
\Gread@gobject=\count109
))
\Gin@req@height=\dimen117
\Gin@req@width=\dimen118
)
(/usr/local/texlive/2011/texmf-dist/tex/latex/tools/array.sty
Package: array 2008/09/09 v2.4c Tabular extension package (FMi)
\col@sep=\dimen119
\extrarowheight=\dimen120
\NC@list=\toks31
\extratabsurround=\skip58
\backup@length=\skip59
)
(/usr/local/texlive/2011/texmf-dist/tex/latex/url/url.sty
\Urlmuskip=\muskip11
Package: url 2006/04/12  ver 3.3  Verb mode for urls, etc.
)
(/usr/local/texlive/2011/texmf-dist/tex/latex/multirow/multirow.sty
\bigstrutjot=\dimen121
)
(/usr/local/texlive/2011/texmf-dist/tex/latex/algorithms/algorithm.sty
Package: algorithm 2009/08/24 v0.1 Document Style `algorithm' - floating enviro
nment

(/usr/local/texlive/2011/texmf-dist/tex/latex/float/float.sty
Package: float 2001/11/08 v1.3d Float enhancements (AL)
\c@float@type=\count110
\float@exts=\toks32
\float@box=\box31
\@float@everytoks=\toks33
\@floatcapt=\box32
)
(/usr/local/texlive/2011/texmf-dist/tex/latex/base/ifthen.sty
Package: ifthen 2001/05/26 v1.1c Standard LaTeX ifthen package (DPC)
)
\@float@every@algorithm=\toks34
\c@algorithm=\count111
)
(/usr/local/texlive/2011/texmf-dist/tex/latex/rotating/rotating.sty
Package: rotating 2009/03/28 v2.16a rotated objects in LaTeX
\c@r@tfl@t=\count112
\rotFPtop=\skip60
\rotFPbot=\skip61
\rot@float@box=\box33
\rot@mess@toks=\toks35
)
(/usr/local/texlive/2011/texmf-dist/tex/latex/subfigure/subfigure.sty
Package: subfigure 2002/03/15 v2.1.5 subfigure package
\subfigtopskip=\skip62
\subfigcapskip=\skip63
\subfigcaptopadj=\dimen122
\subfigbottomskip=\skip64
\subfigcapmargin=\dimen123
\subfiglabelskip=\skip65
\c@subfigure=\count113
\c@lofdepth=\count114
\c@subtable=\count115
\c@lotdepth=\count116

****************************************
* Local config file subfigure.cfg used *
****************************************
(/usr/local/texlive/2011/texmf-dist/tex/latex/subfigure/subfigure.cfg)
\subfig@top=\skip66
\subfig@bottom=\skip67
)
(/usr/local/texlive/2011/texmf-dist/tex/latex/bbm-macros/bbm.sty
Package: bbm 1999/03/15 V 1.2 provides fonts for set symbols - TH
LaTeX Font Info:    Overwriting math alphabet `\mathbbm' in version `bold'
(Font)                  U/bbm/m/n --> U/bbm/bx/n on input line 33.
LaTeX Font Info:    Overwriting math alphabet `\mathbbmss' in version `bold'
(Font)                  U/bbmss/m/n --> U/bbmss/bx/n on input line 35.
)
(/usr/local/texlive/2011/texmf-dist/tex/latex/graphics/color.sty
Package: color 2005/11/14 v1.0j Standard LaTeX Color (DPC)

(/usr/local/texlive/2011/texmf-dist/tex/latex/latexconfig/color.cfg
File: color.cfg 2007/01/18 v1.5 color configuration of teTeX/TeXLive
)
Package color Info: Driver file: pdftex.def on input line 130.
)
(/usr/local/texlive/2011/texmf-dist/tex/latex/xcolor/xcolor.sty
Package: xcolor 2007/01/21 v2.11 LaTeX color extensions (UK)

(/usr/local/texlive/2011/texmf-dist/tex/latex/latexconfig/color.cfg
File: color.cfg 2007/01/18 v1.5 color configuration of teTeX/TeXLive
)
Package xcolor Info: Driver file: pdftex.def on input line 225.
LaTeX Info: Redefining \color on input line 702.
Package xcolor Info: Model `cmy' substituted by `cmy0' on input line 1337.
Package xcolor Info: Model `hsb' substituted by `rgb' on input line 1341.
Package xcolor Info: Model `RGB' extended on input line 1353.
Package xcolor Info: Model `HTML' substituted by `rgb' on input line 1355.
Package xcolor Info: Model `Hsb' substituted by `hsb' on input line 1356.
Package xcolor Info: Model `tHsb' substituted by `hsb' on input line 1357.
Package xcolor Info: Model `HSB' substituted by `hsb' on input line 1358.
Package xcolor Info: Model `Gray' substituted by `gray' on input line 1359.
Package xcolor Info: Model `wave' substituted by `hsb' on input line 1360.
)
(/usr/local/texlive/2011/texmf-dist/tex/latex/xpackages/xbase/xparse.sty
(/usr/local/texlive/2011/texmf-dist/tex/latex/expl3/l3names.sty
Package: l3names 2011/01/08 v2122 L3 Experimental Naming Scheme for TeX Primiti
ves
)
Package: xparse 2011/04/08 v2219 Generic document command parser

(/usr/local/texlive/2011/texmf-dist/tex/latex/expl3/expl3.sty
Package: expl3 2011/04/09 v2222 L3 Experimental code bundle wrapper

(/usr/local/texlive/2011/texmf-dist/tex/latex/etex-pkg/etex.sty
Package: etex 1998/03/26 v2.0 eTeX basic definition package (PEB)
\et@xins=\count117
)
(/usr/local/texlive/2011/texmf-dist/tex/latex/expl3/l3basics.sty
Package: l3basics 2011/04/23 v2246 L3 Experimental basic definitions
)
(/usr/local/texlive/2011/texmf-dist/tex/latex/expl3/l3expan.sty
Package: l3expan 2011/04/09 v2223 L3 Experimental Argument Expansion module
)
(/usr/local/texlive/2011/texmf-dist/tex/latex/expl3/l3tl.sty
Package: l3tl 2011/04/09 v2223 L3 Experimental Token Lists
)
(/usr/local/texlive/2011/texmf-dist/tex/latex/expl3/l3int.sty
Package: l3int 2011/04/11 v2229 L3 Experimental Integer module
\l_tmpa_int=\count118
\l_tmpb_int=\count119
\l_tmpc_int=\count120
\g_tmpa_int=\count121
\g_tmpb_int=\count122
\c_max_int=\count123
\g_tl_inline_level_int=\count124
\g_prg_inline_level_int=\count125
)
(/usr/local/texlive/2011/texmf-dist/tex/latex/expl3/l3quark.sty
Package: l3quark 2011/04/14 v2234 L3 Experimental Quark Commands
)
(/usr/local/texlive/2011/texmf-dist/tex/latex/expl3/l3seq.sty
Package: l3seq 2011/04/21 v2245 The LaTeX3 kernel: sequences and stacks
\g_seq_nesting_depth_int=\count126
)
(/usr/local/texlive/2011/texmf-dist/tex/latex/expl3/l3toks.sty
Package: l3toks 2011/04/09 v2223 L3 Experimental Token Registers
\l_tmpb_toks=\toks36
\l_tmpc_toks=\toks37
\g_tmpa_toks=\toks38
\g_tmpb_toks=\toks39
\g_tmpc_toks=\toks40
\c_empty_toks=\toks41
\l_tl_replace_toks=\toks42
)
(/usr/local/texlive/2011/texmf-dist/tex/latex/expl3/l3prg.sty
Package: l3prg 2011/04/09 v2223 L3 Experimental control structures
)
(/usr/local/texlive/2011/texmf-dist/tex/latex/expl3/l3clist.sty
Package: l3clist 2011/04/09 v2223 L3 Experimental comma separated lists
\g_clist_map_inline_int=\count127
)
(/usr/local/texlive/2011/texmf-dist/tex/latex/expl3/l3token.sty
Package: l3token 2011/04/09 v2223 L3 Experimental token investigation and manip
ulation
)
(/usr/local/texlive/2011/texmf-dist/tex/latex/expl3/l3prop.sty
Package: l3prop 2011/04/09 v2223 L3 Experimental Property Lists
\g_prop_inline_level_int=\count128
)
(/usr/local/texlive/2011/texmf-dist/tex/latex/expl3/l3msg.sty
Package: l3msg 2010/10/02 v2052 L3 Experimental LaTeX Messages module
\l_msg_redirect_classes_prop=\toks43
\l_msg_redirect_names_prop=\toks44
\l_msg_redirect_fatal_prop=\toks45
\l_msg_redirect_error_prop=\toks46
\l_msg_redirect_warning_prop=\toks47
\l_msg_redirect_info_prop=\toks48
\l_msg_redirect_log_prop=\toks49
\l_msg_redirect_trace_prop=\toks50
\l_msg_redirect_none_prop=\toks51
)
(/usr/local/texlive/2011/texmf-dist/tex/latex/expl3/l3io.sty
Package: l3io 2010/10/03 v2063 L3 Experimental i/o module
\g_iow_streams_prop=\toks52
\g_ior_streams_prop=\toks53
\l_iow_stream_int=\count129
)
(/usr/local/texlive/2011/texmf-dist/tex/latex/expl3/l3skip.sty
Package: l3skip 2011/02/15 v2149 L3 Experimental skip registers
\l_tmpa_skip=\skip68
\l_tmpb_skip=\skip69
\l_tmpc_skip=\skip70
\g_tmpa_skip=\skip71
\g_tmpb_skip=\skip72
\l_tmpa_dim=\dimen124
\l_tmpb_dim=\dimen125
\l_tmpc_dim=\dimen126
\l_tmpd_dim=\dimen127
\g_tmpa_dim=\dimen128
\g_tmpb_dim=\dimen129
)
(/usr/local/texlive/2011/texmf-dist/tex/latex/expl3/l3box.sty
Package: l3box 2011/04/09 v2223 L3 Experimental Box module
\l_tmpb_box=\box34
)
(/usr/local/texlive/2011/texmf-dist/tex/latex/expl3/l3keyval.sty
Package: l3keyval 2011/04/09 v2223 L3 Experimental keyval processing
\l_KV_level_int=\count130
)
(/usr/local/texlive/2011/texmf-dist/tex/latex/expl3/l3keys.sty
Package: l3keys 2010/11/11 v2082 L3 Experimental key-value support
\l_keys_choice_int=\count131
)
(/usr/local/texlive/2011/texmf-dist/tex/latex/expl3/l3precom.sty
Package: l3precom 2011/04/09 v2223 L3 Experimental precompilation module
\g_gen_sym_int=\count132
\g_ggen_sym_int=\count133
)
(/usr/local/texlive/2011/texmf-dist/tex/latex/expl3/l3xref.sty
Package: l3xref 2011/04/09 v2223 L3 Experimental cross referencing
\g_xref_all_curr_immediate_fields_prop=\toks54
\g_xref_all_curr_deferred_fields_prop=\toks55
)
(/usr/local/texlive/2011/texmf-dist/tex/latex/expl3/l3file.sty
Package: l3file 2011/04/21 v2242 The LaTeX3 kernel: file operations
)
(/usr/local/texlive/2011/texmf-dist/tex/latex/expl3/l3fp.sty
Package: l3fp 2011/03/19 v2201 L3 Experimental floating-point operations
\c_one_million=\count134
\c_one_hundred_million=\count135
\c_five_hundred_million=\count136
\c_one_thousand_million=\count137
\c_fp_pi_by_four_decimal_int=\count138
\c_fp_pi_by_four_extended_int=\count139
\c_fp_pi_decimal_int=\count140
\c_fp_pi_extended_int=\count141
\c_fp_two_pi_decimal_int=\count142
\c_fp_two_pi_extended_int=\count143
\l_fp_count_int=\count144
\l_fp_div_offset_int=\count145
\l_fp_exp_integer_int=\count146
\l_fp_exp_decimal_int=\count147
\l_fp_exp_extended_int=\count148
\l_fp_exp_exponent_int=\count149
\l_fp_input_a_sign_int=\count150
\l_fp_input_a_integer_int=\count151
\l_fp_input_a_decimal_int=\count152
\l_fp_input_a_exponent_int=\count153
\l_fp_input_b_sign_int=\count154
\l_fp_input_b_integer_int=\count155
\l_fp_input_b_decimal_int=\count156
\l_fp_input_b_exponent_int=\count157
\l_fp_input_a_extended_int=\count158
\l_fp_input_b_extended_int=\count159
\l_fp_mul_a_i_int=\count160
\l_fp_mul_a_ii_int=\count161
\l_fp_mul_a_iii_int=\count162
\l_fp_mul_a_iv_int=\count163
\l_fp_mul_a_v_int=\count164
\l_fp_mul_a_vi_int=\count165
\l_fp_mul_b_i_int=\count166
\l_fp_mul_b_ii_int=\count167
\l_fp_mul_b_iii_int=\count168
\l_fp_mul_b_iv_int=\count169
\l_fp_mul_b_v_int=\count170
\l_fp_mul_b_vi_int=\count171
\l_fp_mul_output_int=\count172
\l_fp_output_sign_int=\count173
\l_fp_output_integer_int=\count174
\l_fp_output_decimal_int=\count175
\l_fp_output_exponent_int=\count176
\l_fp_output_extended_int=\count177
\l_fp_round_position_int=\count178
\l_fp_round_target_int=\count179
\l_fp_split_sign_int=\count180
\l_fp_tmp_int=\count181
\l_fp_trig_octant_int=\count182
\l_fp_trig_sign_int=\count183
\l_fp_trig_decimal_int=\count184
\l_fp_trig_extended_int=\count185
\l_fp_tmp_dim=\dimen130
\l_fp_tmp_skip=\skip73
)
(/usr/local/texlive/2011/texmf-dist/tex/latex/expl3/l3luatex.sty
Package: l3luatex 2010/07/18 v1985 L3 Experimental LuaTeX functions
\g_cctab_allocate_int=\count186
\g_cctab_stack_int=\count187
)
(/usr/local/texlive/2011/texmf-dist/tex/latex/tools/calc.sty
Package: calc 2007/08/22 v4.3 Infix arithmetic (KKT,FJ)
\calc@Acount=\count188
\calc@Bcount=\count189
\calc@Adimen=\dimen131
\calc@Bdimen=\dimen132
\calc@Askip=\skip74
\calc@Bskip=\skip75
LaTeX Info: Redefining \setlength on input line 76.
LaTeX Info: Redefining \addtolength on input line 77.
\calc@Ccount=\count190
\calc@Cskip=\skip76
))
\c_xparse_shorthands_prop=\toks56
\l_xparse_m_args_int=\count191
\l_xparse_mandatory_args_int=\count192
\l_xparse_processor_int=\count193
\l_xparse_total_args_int=\count194
)
(/usr/local/texlive/2011/texmf-dist/tex/latex/base/fontenc.sty
Package: fontenc 2005/09/27 v1.99g Standard LaTeX package

(/usr/local/texlive/2011/texmf-dist/tex/latex/base/ot1enc.def
File: ot1enc.def 2005/09/27 v1.99g Standard LaTeX file
LaTeX Font Info:    Redeclaring font encoding OT1 on input line 43.
))
(/usr/local/texlive/2011/texmf-dist/tex/latex/hyperref/hyperref.sty
Package: hyperref 2011/04/17 v6.82g Hypertext links for LaTeX

(/usr/local/texlive/2011/texmf-dist/tex/generic/oberdiek/hobsub-hyperref.sty
Package: hobsub-hyperref 2011/04/23 v1.4 Bundle oberdiek, subset hyperref (HO)

(/usr/local/texlive/2011/texmf-dist/tex/generic/oberdiek/hobsub-generic.sty
Package: hobsub-generic 2011/04/23 v1.4 Bundle oberdiek, subset generic (HO)
Package: hobsub 2011/04/23 v1.4 Subsetting bundle oberdiek (HO)
Package hobsub Info: Skipping package `infwarerr' (already loaded).
Package hobsub Info: Skipping package `ltxcmds' (already loaded).
Package: ifluatex 2010/03/01 v1.3 Provides the ifluatex switch (HO)
Package ifluatex Info: LuaTeX not detected.
Package: ifvtex 2010/03/01 v1.5 Switches for detecting VTeX and its modes (HO)
Package ifvtex Info: VTeX not detected.
Package: intcalc 2007/09/27 v1.1 Expandable integer calculations (HO)
Package: ifpdf 2011/01/30 v2.3 Provides the ifpdf switch (HO)
Package ifpdf Info: pdfTeX in PDF mode is detected.
Package: etexcmds 2011/02/16 v1.5 Prefix for e-TeX command names (HO)
Package etexcmds Info: Could not find \expanded.
(etexcmds)             That can mean that you are not using pdfTeX 1.50 or
(etexcmds)             that some package has redefined \expanded.
(etexcmds)             In the latter case, load this package earlier.
Package: kvsetkeys 2011/04/07 v1.13 Key value parser (HO)
Package: kvdefinekeys 2011/04/07 v1.3 Defining keys (HO)
Package: pdftexcmds 2011/04/22 v0.16 Utilities of pdfTeX for LuaTeX (HO)
Package pdftexcmds Info: LuaTeX not detected.
Package pdftexcmds Info: \pdf@primitive is available.
Package pdftexcmds Info: \pdf@ifprimitive is available.
Package pdftexcmds Info: \pdfdraftmode found.
Package: pdfescape 2011/04/04 v1.12 Provides string conversions (HO)
Package: bigintcalc 2011/01/30 v1.2 Expandable big integer calculations (HO)
Package: bitset 2011/01/30 v1.1 Data type bit set (HO)
Package: uniquecounter 2011/01/30 v1.2 Provides unlimited unique counter (HO)
)
Package hobsub Info: Skipping package `hobsub' (already loaded).
Package: letltxmacro 2010/09/02 v1.4 Let assignment for LaTeX macros (HO)
Package: hopatch 2011/01/30 v1.0 Wrapper for package hooks (HO)
Package: xcolor-patch 2011/01/30 xcolor patch
Package: atveryend 2011/04/23 v1.7 Hooks at very end of document (HO)
Package atveryend Info: \old@enddocument detected (standard).
Package: atbegshi 2011/01/30 v1.15 At begin shipout hook (HO)
Package: refcount 2010/12/01 v3.2 Data extraction from references (HO)
Package: hycolor 2011/01/30 v1.7 Color options of hyperref/bookmark (HO)
)
(/usr/local/texlive/2011/texmf-dist/tex/generic/ifxetex/ifxetex.sty
Package: ifxetex 2010/09/12 v0.6 Provides ifxetex conditional
)
(/usr/local/texlive/2011/texmf-dist/tex/latex/oberdiek/kvoptions.sty
Package: kvoptions 2010/12/23 v3.10 Keyval support for LaTeX options (HO)
)
\@linkdim=\dimen133
\Hy@linkcounter=\count195
\Hy@pagecounter=\count196

(/usr/local/texlive/2011/texmf-dist/tex/latex/hyperref/pd1enc.def
File: pd1enc.def 2011/04/17 v6.82g Hyperref: PDFDocEncoding definition (HO)
)
\Hy@SavedSpaceFactor=\count197

(/usr/local/texlive/2011/texmf-dist/tex/latex/latexconfig/hyperref.cfg
File: hyperref.cfg 2002/06/06 v1.2 hyperref configuration of TeXLive
)
Package hyperref Info: Option `colorlinks' set `true' on input line 3905.


Package hyperref Warning: Option `pagecolor' is not available anymore.

Package hyperref Info: Option `linktocpage' set `true' on input line 3905.
Package hyperref Info: Option `colorlinks' set `true' on input line 3905.
Package hyperref Info: Hyper figures OFF on input line 4026.
Package hyperref Info: Link nesting OFF on input line 4031.
Package hyperref Info: Hyper index ON on input line 4034.
Package hyperref Info: Plain pages OFF on input line 4041.
Package hyperref Info: Backreferencing OFF on input line 4046.
Package hyperref Info: Implicit mode ON; LaTeX internals redefined.
Package hyperref Info: Bookmarks ON on input line 4264.
\c@Hy@tempcnt=\count198
LaTeX Info: Redefining \url on input line 4617.
\Fld@menulength=\count199
\Field@Width=\dimen134
\Fld@charsize=\dimen135
Package hyperref Info: Hyper figures OFF on input line 5701.
Package hyperref Info: Link nesting OFF on input line 5706.
Package hyperref Info: Hyper index ON on input line 5709.
Package hyperref Info: backreferencing OFF on input line 5716.
Package hyperref Info: Link coloring ON on input line 5719.
Package hyperref Info: Link coloring with OCG OFF on input line 5726.
Package hyperref Info: PDF/A mode OFF on input line 5731.
LaTeX Info: Redefining \ref on input line 5771.
LaTeX Info: Redefining \pageref on input line 5775.
\Hy@abspage=\count200
\c@Item=\count201
Normal \count register pool exhausted, switching to extended pool.
\c@Hfootnote=\count277
)

Package hyperref Message: Driver (autodetected): hpdftex.

(/usr/local/texlive/2011/texmf-dist/tex/latex/hyperref/hpdftex.def
File: hpdftex.def 2011/04/17 v6.82g Hyperref driver for pdfTeX
\Fld@listcount=\count278
\c@bookmark@seq@number=\count279

(/usr/local/texlive/2011/texmf-dist/tex/latex/oberdiek/rerunfilecheck.sty
Package: rerunfilecheck 2011/04/15 v1.7 Rerun checks for auxiliary files (HO)
Package uniquecounter Info: New unique counter `rerunfilecheck' on input line 2
82.
)
\Hy@SectionHShift=\skip77
)
(/usr/local/texlive/2011/texmf-dist/tex/latex/natbib/natbib.sty
Package: natbib 2010/09/13 8.31b (PWD, AO)
\bibhang=\skip78
\bibsep=\skip79
LaTeX Info: Redefining \cite on input line 694.
\c@NAT@ctr=\count280
)
(/usr/local/texlive/2011/texmf-dist/tex/latex/algorithmicx/algorithmicx.sty
Package: algorithmicx 2005/04/27 v1.2 Algorithmicx

Document Style algorithmicx 1.2 - a greatly improved `algorithmic' style
\c@ALG@line=\count281
\c@ALG@rem=\count282
\c@ALG@nested=\count283
\ALG@tlm=\skip80
\ALG@thistlm=\skip81
\c@ALG@Lnr=\count284
\c@ALG@blocknr=\count285
\c@ALG@storecount=\count286
\c@ALG@tmpcounter=\count287
\ALG@tmplength=\skip82
) (/usr/local/texlive/2011/texmf-dist/tex/latex/algorithmicx/algpseudocode.sty
Package: algpseudocode 

Document Style - pseudocode environments for use with the `algorithmicx' style
)
\c@thm=\count288
\c@mydef=\count289
 LaTeX info: Defining document command \framecolorbox
(LaTeX)  with arg. spec. 'oommm' on line 107.

 (./paper.aux)
\openout1 = `paper.aux'.

LaTeX Font Info:    Checking defaults for OML/cmm/m/it on input line 120.
LaTeX Font Info:    ... okay on input line 120.
LaTeX Font Info:    Checking defaults for T1/cmr/m/n on input line 120.
LaTeX Font Info:    ... okay on input line 120.
LaTeX Font Info:    Checking defaults for OT1/cmr/m/n on input line 120.
LaTeX Font Info:    ... okay on input line 120.
LaTeX Font Info:    Checking defaults for OMS/cmsy/m/n on input line 120.
LaTeX Font Info:    ... okay on input line 120.
LaTeX Font Info:    Checking defaults for OMX/cmex/m/n on input line 120.
LaTeX Font Info:    ... okay on input line 120.
LaTeX Font Info:    Checking defaults for U/cmr/m/n on input line 120.
LaTeX Font Info:    ... okay on input line 120.
LaTeX Font Info:    Checking defaults for PD1/pdf/m/n on input line 120.
LaTeX Font Info:    ... okay on input line 120.
LaTeX Font Info:    Try loading font information for OT1+ptm on input line 120.

 (/usr/local/texlive/2011/texmf-dist/tex/latex/psnfss/ot1ptm.fd
File: ot1ptm.fd 2001/06/04 font definitions for OT1/ptm.
) (/usr/local/texlive/2011/texmf-dist/tex/context/base/supp-pdf.mkii
[Loading MPS to PDF converter (version 2006.09.02).]
\scratchcounter=\count290
\scratchdimen=\dimen136
\scratchbox=\box35
\nofMPsegments=\count291
\nofMParguments=\count292
\everyMPshowfont=\toks57
\MPscratchCnt=\count293
\MPscratchDim=\dimen137
\MPnumerator=\count294
\makeMPintoPDFobject=\count295
\everyMPtoPDFconversion=\toks58
) (/usr/local/texlive/2011/texmf-dist/tex/latex/oberdiek/epstopdf-base.sty
Package: epstopdf-base 2010/02/09 v2.5 Base part for package epstopdf

(/usr/local/texlive/2011/texmf-dist/tex/latex/oberdiek/grfext.sty
Package: grfext 2010/08/19 v1.1 Managing graphics extensions (HO)
)
Package grfext Info: Graphics extension search list:
(grfext)             [.png,.pdf,.jpg,.mps,.jpeg,.jbig2,.jb2,.PNG,.PDF,.JPG,.JPE
G,.JBIG2,.JB2,.eps]
(grfext)             \AppendGraphicsExtensions on input line 452.

(/usr/local/texlive/2011/texmf-dist/tex/latex/latexconfig/epstopdf-sys.cfg
File: epstopdf-sys.cfg 2010/07/13 v1.3 Configuration of (r)epstopdf for TeX Liv
e
))
\AtBeginShipoutBox=\box36
Package hyperref Info: Link coloring ON on input line 120.

(/usr/local/texlive/2011/texmf-dist/tex/latex/hyperref/nameref.sty
Package: nameref 2010/04/30 v2.40 Cross-referencing by name of section

(/usr/local/texlive/2011/texmf-dist/tex/generic/oberdiek/gettitlestring.sty
Package: gettitlestring 2010/12/03 v1.4 Cleanup title references (HO)
)
\c@section@level=\count296
)
LaTeX Info: Redefining \ref on input line 120.
LaTeX Info: Redefining \pageref on input line 120.
LaTeX Info: Redefining \nameref on input line 120.

(./paper.out) (./paper.out)
\@outlinefile=\write3
\openout3 = `paper.out'.

LaTeX Font Info:    Font shape `OT1/ptm/bx/n' in size <10.95> not available
(Font)              Font shape `OT1/ptm/b/n' tried instead on input line 123.
LaTeX Font Info:    Try loading font information for U+msa on input line 123.

(/usr/local/texlive/2011/texmf-dist/tex/latex/amsfonts/umsa.fd
File: umsa.fd 2009/06/22 v3.00 AMS symbols A
)
LaTeX Font Info:    Try loading font information for U+msb on input line 123.

(/usr/local/texlive/2011/texmf-dist/tex/latex/amsfonts/umsb.fd
File: umsb.fd 2009/06/22 v3.00 AMS symbols B
)
\@address@1=\toks59
 [1{/usr/local/texlive/2011/texmf-var/fonts/map/pdftex/updmap/pdftex.map}

] [2]
LaTeX Font Info:    Try loading font information for OMS+ptm on input line 206.


(/usr/local/texlive/2011/texmf-dist/tex/latex/psnfss/omsptm.fd
File: omsptm.fd 
)
LaTeX Font Info:    Font shape `OMS/ptm/m/n' in size <10.95> not available
(Font)              Font shape `OMS/cmsy/m/n' tried instead on input line 206.
 [3]
<Figures/LegendExamplePlot.pdf, id=186, 433.62pt x 72.27pt>
File: Figures/LegendExamplePlot.pdf Graphic file (type pdf)

<use Figures/LegendExamplePlot.pdf>
Package pdftex.def Info: Figures/LegendExamplePlot.pdf used on input line 273.
(pdftex.def)             Requested size: 433.61894pt x 72.2698pt.

Overfull \hbox (43.82896pt too wide) in paragraph at lines 273--275
 []|  [] 
 []

<Figures/ExamplePlot1b.pdf, id=187, 201.75375pt x 201.75375pt>
File: Figures/ExamplePlot1b.pdf Graphic file (type pdf)

<use Figures/ExamplePlot1b.pdf>
Package pdftex.def Info: Figures/ExamplePlot1b.pdf used on input line 280.
(pdftex.def)             Requested size: 176.40198pt x 176.40479pt.

<Figures/ExamplePlot2b.pdf, id=188, 201.75375pt x 201.75375pt>
File: Figures/ExamplePlot2b.pdf Graphic file (type pdf)

<use Figures/ExamplePlot2b.pdf>
Package pdftex.def Info: Figures/ExamplePlot2b.pdf used on input line 284.
(pdftex.def)             Requested size: 176.40198pt x 176.40479pt.


LaTeX Warning: `!h' float specifier changed to `!ht'.

[4] [5 <./Figures/LegendExamplePlot.pdf> <./Figures/ExamplePlot1b.pdf> <./Figur
es/ExamplePlot2b.pdf>] [6] [7] [8] [9]
LaTeX Font Info:    Try loading font information for U+bbm on input line 469.

(/usr/local/texlive/2011/texmf-dist/tex/latex/bbm-macros/ubbm.fd
File: ubbm.fd 1999/03/15 V 1.2 Font definition for bbm font - TH
)
<Figures/LegendSynthetic.pdf, id=293, 433.62pt x 72.27pt>
File: Figures/LegendSynthetic.pdf Graphic file (type pdf)

<use Figures/LegendSynthetic.pdf>
Package pdftex.def Info: Figures/LegendSynthetic.pdf used on input line 483.
(pdftex.def)             Requested size: 433.61894pt x 72.2698pt.

<Figures/SyntheticBeta.pdf, id=294, 201.75375pt x 201.75375pt>
File: Figures/SyntheticBeta.pdf Graphic file (type pdf)

<use Figures/SyntheticBeta.pdf>
Package pdftex.def Info: Figures/SyntheticBeta.pdf used on input line 484.
(pdftex.def)             Requested size: 176.40198pt x 176.40479pt.


LaTeX Warning: `!h' float specifier changed to `!ht'.

[10] [11pdfTeX warning (ext4): destination with the same identifier (name{equat
ion.5.2}) has been already used, duplicate ignored

\AtBegShi@Output ...ipout \box \AtBeginShipoutBox 
                                                  \fi \fi 
l.578 
       <./Figures/LegendSynthetic.pdf> <./Figures/SyntheticBeta.pdf>] [12]
Overfull \hbox (5.11465pt too wide) in paragraph at lines 628--631
 \OT1/ptm/m/n/10.95 6.2.\OT1/ptm/m/it/10.95 Out-of-Sample Ag-gre-ga-tion.[][] \
OT1/ptm/m/n/10.95 This sec-tion is mo-ti-vated by decision-making.
 []

[13] [14]
Overfull \hbox (38.56491pt too wide) in alignment at lines 674--676
 [][][] []
 []


Overfull \hbox (11.0818pt too wide) in paragraph at lines 686--687
[]\OT1/ptm/m/it/10.95 Exponentially Weighted Mov-ing Beta-transformed Ag-gre-ga
-tor (EWMBA)\OT1/ptm/m/n/10.95 .
 []

[15]
LaTeX Font Info:    Font shape `OT1/ptm/bx/n' in size <9> not available
(Font)              Font shape `OT1/ptm/b/n' tried instead on input line 710.
 [16] [17]
<Figures/CalibrationNONE10.pdf, id=417, 122.4575pt x 115.43124pt>
File: Figures/CalibrationNONE10.pdf Graphic file (type pdf)

<use Figures/CalibrationNONE10.pdf>
Package pdftex.def Info: Figures/CalibrationNONE10.pdf used on input line 758.
(pdftex.def)             Requested size: 102.95837pt x 97.05316pt.

<Figures/CalibrationLOG10.pdf, id=418, 100.375pt x 115.43124pt>
File: Figures/CalibrationLOG10.pdf Graphic file (type pdf)

<use Figures/CalibrationLOG10.pdf>
Package pdftex.def Info: Figures/CalibrationLOG10.pdf used on input line 762.
(pdftex.def)             Requested size: 84.60022pt x 97.29622pt.

<Figures/CalibrationBRI10.pdf, id=419, 100.375pt x 115.43124pt>
File: Figures/CalibrationBRI10.pdf Graphic file (type pdf)

<use Figures/CalibrationBRI10.pdf>
Package pdftex.def Info: Figures/CalibrationBRI10.pdf used on input line 766.
(pdftex.def)             Requested size: 84.60022pt x 97.29622pt.

<Figures/CalibrationFULL10.pdf, id=420, 122.4575pt x 115.43124pt>
File: Figures/CalibrationFULL10.pdf Graphic file (type pdf)

<use Figures/CalibrationFULL10.pdf>
Package pdftex.def Info: Figures/CalibrationFULL10.pdf used on input line 770.
(pdftex.def)             Requested size: 102.95837pt x 97.05316pt.

<Figures/CalibrationNONE.pdf, id=421, 122.4575pt x 115.43124pt>
File: Figures/CalibrationNONE.pdf Graphic file (type pdf)

<use Figures/CalibrationNONE.pdf>
Package pdftex.def Info: Figures/CalibrationNONE.pdf used on input line 776.
(pdftex.def)             Requested size: 102.95837pt x 97.05316pt.

<Figures/CalibrationSTO-Log.pdf, id=422, 100.375pt x 115.43124pt>
File: Figures/CalibrationSTO-Log.pdf Graphic file (type pdf)

<use Figures/CalibrationSTO-Log.pdf>
Package pdftex.def Info: Figures/CalibrationSTO-Log.pdf used on input line 780.

(pdftex.def)             Requested size: 84.60022pt x 97.29622pt.

<Figures/CalibrationSTO-Bri.pdf, id=423, 100.375pt x 115.43124pt>
File: Figures/CalibrationSTO-Bri.pdf Graphic file (type pdf)

<use Figures/CalibrationSTO-Bri.pdf>
Package pdftex.def Info: Figures/CalibrationSTO-Bri.pdf used on input line 784.

(pdftex.def)             Requested size: 84.60022pt x 97.29622pt.

<Figures/CalibrationSO.pdf, id=424, 122.4575pt x 115.43124pt>
File: Figures/CalibrationSO.pdf Graphic file (type pdf)

<use Figures/CalibrationSO.pdf>
Package pdftex.def Info: Figures/CalibrationSO.pdf used on input line 788.
(pdftex.def)             Requested size: 102.95837pt x 97.05316pt.

Overfull \hbox (7.32448pt too wide) in paragraph at lines 797--798
[]\OT1/ptm/m/n/10.95 The top and bot-tom rows of Fig-ure [][]3[][] present cal-
i-bra-tion plots for SDLM, $[][]$,
 []

[18 <./Figures/CalibrationNONE10.pdf> <./Figures/CalibrationLOG10.pdf> <./Figur
es/CalibrationBRI10.pdf> <./Figures/CalibrationFULL10.pdf> <./Figures/Calibrati
onNONE.pdf> <./Figures/CalibrationSTO-Log.pdf> <./Figures/CalibrationSTO-Bri.pd
f> <./Figures/CalibrationSO.pdf>]
<Figures/BiasesBoxplots.pdf, id=496, 361.35pt x 252.945pt>
File: Figures/BiasesBoxplots.pdf Graphic file (type pdf)

<use Figures/BiasesBoxplots.pdf>
Package pdftex.def Info: Figures/BiasesBoxplots.pdf used on input line 809.
(pdftex.def)             Requested size: 360.0pt x 252.00262pt.
 [19 <./Figures/BiasesBoxplots.pdf>] [20]
[21] [22] (./paper.bbl [23]
Underfull \hbox (badness 1067) in paragraph at lines 265--272
[]\OT1/ptm/m/sc/9 Gneiting, T. \OT1/ptm/m/n/9 and \OT1/ptm/m/sc/9 Ran-jan, R. \
OT1/ptm/m/n/9 (2011). Com-bin-ing Pre-dic-tive Dis-tri-bu-tions. \OT1/ptm/m/it/
9 arXiv preprint
 []

Missing character: There is no â in font ptmr7t!
Missing character: There is no € in font ptmr7t!
Missing character: There is no “ in font ptmr7t!
[24]
Missing character: There is no â in font ptmrc7t!
Missing character: There is no € in font ptmrc7t!
Missing character: There is no ™ in font ptmrc7t!
)
Package atveryend Info: Empty hook `BeforeClearDocument' on input line 903.
 [25]
Package atveryend Info: Empty hook `AfterLastShipout' on input line 903.
 (./paper.aux)
Package atveryend Info: Executing hook `AtVeryEndDocument' on input line 903.
Package atveryend Info: Executing hook `AtEndAfterFileList' on input line 903.
Package rerunfilecheck Info: File `paper.out' has not changed.
(rerunfilecheck)             Checksum: 7AC27CF1040D822124D8345CCDC7A1E4;1187.
Package atveryend Info: Empty hook `AtVeryVeryEnd' on input line 903.
 ) 
Here is how much of TeX's memory you used:
 13347 strings out of 493633
 203531 string characters out of 3143378
 282452 words of memory out of 3000000
 16238 multiletter control sequences out of 15000+200000
 38305 words of font info for 86 fonts, out of 3000000 for 9000
 831 hyphenation exceptions out of 8191
 38i,16n,43p,1911b,559s stack positions out of 5000i,500n,10000p,200000b,50000s
 </Users/ville/Library/texlive/2011/texmf-var/fonts/pk/ljfour/public/bbm/bbm1
0.657pk>{/usr/local/texlive/2011/texmf-dist/fonts/enc/dvips/base/8r.enc}</usr/l
ocal/texlive/2011/texmf-dist/fonts/type1/public/amsfonts/cm/cmbx10.pfb></usr/lo
cal/texlive/2011/texmf-dist/fonts/type1/public/amsfonts/cm/cmex10.pfb></usr/loc
al/texlive/2011/texmf-dist/fonts/type1/public/amsfonts/cm/cmmi10.pfb></usr/loca
l/texlive/2011/texmf-dist/fonts/type1/public/amsfonts/cm/cmmi6.pfb></usr/local/
texlive/2011/texmf-dist/fonts/type1/public/amsfonts/cm/cmmi8.pfb></usr/local/te
xlive/2011/texmf-dist/fonts/type1/public/amsfonts/cm/cmmi9.pfb></usr/local/texl
ive/2011/texmf-dist/fonts/type1/public/amsfonts/cm/cmmib10.pfb></usr/local/texl
ive/2011/texmf-dist/fonts/type1/public/amsfonts/cmextra/cmmib8.pfb></usr/local/
texlive/2011/texmf-dist/fonts/type1/public/amsfonts/cm/cmr10.pfb></usr/local/te
xlive/2011/texmf-dist/fonts/type1/public/amsfonts/cm/cmr6.pfb></usr/local/texli
ve/2011/texmf-dist/fonts/type1/public/amsfonts/cm/cmr8.pfb></usr/local/texlive/
2011/texmf-dist/fonts/type1/public/amsfonts/cm/cmr9.pfb></usr/local/texlive/201
1/texmf-dist/fonts/type1/public/amsfonts/cm/cmsy10.pfb></usr/local/texlive/2011
/texmf-dist/fonts/type1/public/amsfonts/cm/cmsy6.pfb></usr/local/texlive/2011/t
exmf-dist/fonts/type1/public/amsfonts/cm/cmsy8.pfb></usr/local/texlive/2011/tex
mf-dist/fonts/type1/public/amsfonts/symbols/msbm10.pfb></usr/local/texlive/2011
/texmf-dist/fonts/type1/urw/times/utmb8a.pfb></usr/local/texlive/2011/texmf-dis
t/fonts/type1/urw/times/utmr8a.pfb></usr/local/texlive/2011/texmf-dist/fonts/ty
pe1/urw/times/utmri8a.pfb>
Output written on paper.pdf (25 pages, 371057 bytes).
PDF statistics:
 672 PDF objects out of 1000 (max. 8388607)
 591 compressed objects within 6 object streams
 132 named destinations out of 1000 (max. 500000)
 223 words of extra memory for PDF output out of 10000 (max. 10000000)

