This is pdfTeX, Version 3.1415926-2.3-1.40.12 (TeX Live 2011) (format=pdflatex 2011.7.3)  31 AUG 2013 14:07
entering extended mode
 \write18 enabled.
 file:line:error style messages enabled.
 %&-line parsing enabled.
**paper.tex
(./paper.tex
LaTeX2e <2009/09/24>
Babel <v3.8l> and hyphenation patterns for english, dumylang, nohyphenation, ge
rman-x-2009-06-19, ngerman-x-2009-06-19, afrikaans, ancientgreek, ibycus, arabi
c, armenian, basque, bulgarian, catalan, pinyin, coptic, croatian, czech, danis
h, dutch, ukenglish, usenglishmax, esperanto, estonian, ethiopic, farsi, finnis
h, french, galician, german, ngerman, swissgerman, monogreek, greek, hungarian,
 icelandic, assamese, bengali, gujarati, hindi, kannada, malayalam, marathi, or
iya, panjabi, tamil, telugu, indonesian, interlingua, irish, italian, kurmanji,
 lao, latin, latvian, lithuanian, mongolian, mongolianlmc, bokmal, nynorsk, pol
ish, portuguese, romanian, russian, sanskrit, serbian, serbianc, slovak, sloven
ian, spanish, swedish, turkish, turkmen, ukrainian, uppersorbian, welsh, loaded
.
(./imsart.cls
Document Class: imsart 2010/04/27 driver class for package imsart.sty
(/usr/local/texlive/2011/texmf-dist/tex/latex/base/article.cls
Document Class: article 2007/10/19 v1.4h Standard LaTeX document class
(/usr/local/texlive/2011/texmf-dist/tex/latex/base/leqno.clo
File: leqno.clo 1998/08/17 v1.1c Standard LaTeX option (left equation numbers)
)
(/usr/local/texlive/2011/texmf-dist/tex/latex/base/size11.clo
File: size11.clo 2007/10/19 v1.4h Standard LaTeX file (size option)
)
\c@part=\count79
\c@section=\count80
\c@subsection=\count81
\c@subsubsection=\count82
\c@paragraph=\count83
\c@subparagraph=\count84
\c@figure=\count85
\c@table=\count86
\abovecaptionskip=\skip41
\belowcaptionskip=\skip42
\bibindent=\dimen102
) (./imsart.sty
File: imsart.sty 2013/03/06IMS article style (VS)

No file imsart.cnf.
(/usr/local/texlive/2011/texmf-dist/tex/latex/base/leqno.clo
File: leqno.clo 1998/08/17 v1.1c Standard LaTeX option (left equation numbers)
)
\c@firstpage=\count87
\c@lastpage=\count88
\c@thanks=\count89
\c@addressref=\count90

(/usr/local/texlive/2011/texmf-dist/tex/latex/graphics/keyval.sty
Package: keyval 1999/03/16 v1.13 key=value parser (DPC)
\KV@toks@=\toks14
)
\c@emailref=\count91
\c@author=\count92
\c@address=\count93
\sv@mathsurround=\dimen103
\sv@parindent=\dimen104
\fm@box=\box26
\fm@size=\dimen105
\t@xtheight=\dimen106
\abstract@box=\box27
\keyword@box=\box28
\pre@kwd@depth=\dimen107
\keyword@toks=\toks15
\authors@list=\toks16
\keywords@list=\toks17

No file imsart-aoas.cnf.
)) (/usr/local/texlive/2011/texmf-dist/tex/latex/natbib/natbib.sty
Package: natbib 2010/09/13 8.31b (PWD, AO)
\bibhang=\skip43
\bibsep=\skip44
LaTeX Info: Redefining \cite on input line 694.
\c@NAT@ctr=\count94
)
(/usr/local/texlive/2011/texmf-dist/tex/latex/amsmath/amsmath.sty
Package: amsmath 2000/07/18 v2.13 AMS math features
\@mathmargin=\skip45

For additional information on amsmath, use the `?' option.
(/usr/local/texlive/2011/texmf-dist/tex/latex/amsmath/amstext.sty
Package: amstext 2000/06/29 v2.01

(/usr/local/texlive/2011/texmf-dist/tex/latex/amsmath/amsgen.sty
File: amsgen.sty 1999/11/30 v2.0
\@emptytoks=\toks18
\ex@=\dimen108
))
(/usr/local/texlive/2011/texmf-dist/tex/latex/amsmath/amsbsy.sty
Package: amsbsy 1999/11/29 v1.2d
\pmbraise@=\dimen109
)
(/usr/local/texlive/2011/texmf-dist/tex/latex/amsmath/amsopn.sty
Package: amsopn 1999/12/14 v2.01 operator names
)
\inf@bad=\count95
LaTeX Info: Redefining \frac on input line 211.
\uproot@=\count96
\leftroot@=\count97
LaTeX Info: Redefining \overline on input line 307.
\classnum@=\count98
\DOTSCASE@=\count99
LaTeX Info: Redefining \ldots on input line 379.
LaTeX Info: Redefining \dots on input line 382.
LaTeX Info: Redefining \cdots on input line 467.
\Mathstrutbox@=\box29
\strutbox@=\box30
\big@size=\dimen110
LaTeX Font Info:    Redeclaring font encoding OML on input line 567.
LaTeX Font Info:    Redeclaring font encoding OMS on input line 568.
\macc@depth=\count100
\c@MaxMatrixCols=\count101
\dotsspace@=\muskip10
\c@parentequation=\count102
\dspbrk@lvl=\count103
\tag@help=\toks19
\row@=\count104
\column@=\count105
\maxfields@=\count106
\andhelp@=\toks20
\eqnshift@=\dimen111
\alignsep@=\dimen112
\tagshift@=\dimen113
\tagwidth@=\dimen114
\totwidth@=\dimen115
\lineht@=\dimen116
\@envbody=\toks21
\multlinegap=\skip46
\multlinetaggap=\skip47
\mathdisplay@stack=\toks22
LaTeX Info: Redefining \[ on input line 2666.
LaTeX Info: Redefining \] on input line 2667.
)
(/usr/local/texlive/2011/texmf-dist/tex/latex/psnfss/times.sty
Package: times 2005/04/12 PSNFSS-v9.2a (SPQR) 
)
(/usr/local/texlive/2011/texmf-dist/tex/latex/amscls/amsthm.sty
Package: amsthm 2009/07/02 v2.20.1
\thm@style=\toks23
\thm@bodyfont=\toks24
\thm@headfont=\toks25
\thm@notefont=\toks26
\thm@headpunct=\toks27
\thm@preskip=\skip48
\thm@postskip=\skip49
\thm@headsep=\skip50
\dth@everypar=\toks28
)
(/usr/local/texlive/2011/texmf-dist/tex/latex/amsfonts/amssymb.sty
Package: amssymb 2009/06/22 v3.00

(/usr/local/texlive/2011/texmf-dist/tex/latex/amsfonts/amsfonts.sty
Package: amsfonts 2009/06/22 v3.00 Basic AMSFonts support


Package amsfonts Warning: The 'psamsfonts' option is obsolete in AMSFonts v3.

\symAMSa=\mathgroup4
\symAMSb=\mathgroup5
LaTeX Font Info:    Overwriting math alphabet `\mathfrak' in version `bold'
(Font)                  U/euf/m/n --> U/euf/b/n on input line 96.
)) (/usr/local/texlive/2011/texmf-dist/tex/latex/fancyhdr/fancyhdr.sty
\fancy@headwidth=\skip51
\f@ncyO@elh=\skip52
\f@ncyO@erh=\skip53
\f@ncyO@olh=\skip54
\f@ncyO@orh=\skip55
\f@ncyO@elf=\skip56
\f@ncyO@erf=\skip57
\f@ncyO@olf=\skip58
\f@ncyO@orf=\skip59
)
(/usr/local/texlive/2011/texmf-dist/tex/latex/moreverb/moreverb.sty
Package: moreverb 2008/06/03 v2.3a `more' verbatim facilities

(/usr/local/texlive/2011/texmf-dist/tex/latex/tools/verbatim.sty
Package: verbatim 2003/08/22 v1.5q LaTeX2e package for verbatim enhancements
\every@verbatim=\toks29
\verbatim@line=\toks30
\verbatim@in@stream=\read1
)
\tab@position=\count107
\tab@size=\count108
\listing@line=\count109
)
(/usr/local/texlive/2011/texmf-dist/tex/latex/graphics/graphicx.sty
Package: graphicx 1999/02/16 v1.0f Enhanced LaTeX Graphics (DPC,SPQR)

(/usr/local/texlive/2011/texmf-dist/tex/latex/graphics/graphics.sty
Package: graphics 2009/02/05 v1.0o Standard LaTeX Graphics (DPC,SPQR)

(/usr/local/texlive/2011/texmf-dist/tex/latex/graphics/trig.sty
Package: trig 1999/03/16 v1.09 sin cos tan (DPC)
)
(/usr/local/texlive/2011/texmf-dist/tex/latex/latexconfig/graphics.cfg
File: graphics.cfg 2010/04/23 v1.9 graphics configuration of TeX Live
)
Package graphics Info: Driver file: pdftex.def on input line 91.

(/usr/local/texlive/2011/texmf-dist/tex/latex/pdftex-def/pdftex.def
File: pdftex.def 2011/05/27 v0.06d Graphics/color for pdfTeX

(/usr/local/texlive/2011/texmf-dist/tex/generic/oberdiek/infwarerr.sty
Package: infwarerr 2010/04/08 v1.3 Providing info/warning/message (HO)
)
(/usr/local/texlive/2011/texmf-dist/tex/generic/oberdiek/ltxcmds.sty
Package: ltxcmds 2011/04/18 v1.20 LaTeX kernel commands for general use (HO)
)
\Gread@gobject=\count110
))
\Gin@req@height=\dimen117
\Gin@req@width=\dimen118
)
(/usr/local/texlive/2011/texmf-dist/tex/latex/url/url.sty
\Urlmuskip=\muskip11
Package: url 2006/04/12  ver 3.3  Verb mode for urls, etc.
)
(/usr/local/texlive/2011/texmf-dist/tex/latex/multirow/multirow.sty
\bigstrutjot=\dimen119
)
(/usr/local/texlive/2011/texmf-dist/tex/latex/algorithms/algorithm.sty
Package: algorithm 2009/08/24 v0.1 Document Style `algorithm' - floating enviro
nment

(/usr/local/texlive/2011/texmf-dist/tex/latex/float/float.sty
Package: float 2001/11/08 v1.3d Float enhancements (AL)
\c@float@type=\count111
\float@exts=\toks31
\float@box=\box31
\@float@everytoks=\toks32
\@floatcapt=\box32
)
(/usr/local/texlive/2011/texmf-dist/tex/latex/base/ifthen.sty
Package: ifthen 2001/05/26 v1.1c Standard LaTeX ifthen package (DPC)
)
\@float@every@algorithm=\toks33
\c@algorithm=\count112
)
(/usr/local/texlive/2011/texmf-dist/tex/latex/algorithms/algorithmic.sty
Package: algorithmic 2009/08/24 v0.1 Document Style `algorithmic'
\c@ALC@unique=\count113
\c@ALC@line=\count114
\c@ALC@rem=\count115
\c@ALC@depth=\count116
\ALC@tlm=\skip60
\algorithmicindent=\skip61
)
(/usr/local/texlive/2011/texmf-dist/tex/latex/rotating/rotating.sty
Package: rotating 2009/03/28 v2.16a rotated objects in LaTeX
\c@r@tfl@t=\count117
\rotFPtop=\skip62
\rotFPbot=\skip63
\rot@float@box=\box33
\rot@mess@toks=\toks34
)
(/usr/local/texlive/2011/texmf-dist/tex/latex/geometry/geometry.sty
Package: geometry 2010/09/12 v5.6 Page Geometry

(/usr/local/texlive/2011/texmf-dist/tex/generic/oberdiek/ifpdf.sty
Package: ifpdf 2011/01/30 v2.3 Provides the ifpdf switch (HO)
Package ifpdf Info: pdfTeX in PDF mode is detected.
)
(/usr/local/texlive/2011/texmf-dist/tex/generic/oberdiek/ifvtex.sty
Package: ifvtex 2010/03/01 v1.5 Switches for detecting VTeX and its modes (HO)
Package ifvtex Info: VTeX not detected.
)
(/usr/local/texlive/2011/texmf-dist/tex/generic/ifxetex/ifxetex.sty
Package: ifxetex 2010/09/12 v0.6 Provides ifxetex conditional
)
\Gm@cnth=\count118
\Gm@cntv=\count119
\c@Gm@tempcnt=\count120
\Gm@bindingoffset=\dimen120
\Gm@wd@mp=\dimen121
\Gm@odd@mp=\dimen122
\Gm@even@mp=\dimen123
\Gm@layoutwidth=\dimen124
\Gm@layoutheight=\dimen125
\Gm@layouthoffset=\dimen126
\Gm@layoutvoffset=\dimen127
\Gm@dimlist=\toks35
)
(/usr/local/texlive/2011/texmf-dist/tex/latex/base/fix-cm.sty
Package: fix-cm 2006/09/13 v1.1m fixes to LaTeX

(/usr/local/texlive/2011/texmf-dist/tex/latex/base/ts1enc.def
File: ts1enc.def 2001/06/05 v3.0e (jk/car/fm) Standard LaTeX file
))
(/usr/local/texlive/2011/texmf-dist/tex/latex/subfigure/subfigure.sty
Package: subfigure 2002/03/15 v2.1.5 subfigure package
\subfigtopskip=\skip64
\subfigcapskip=\skip65
\subfigcaptopadj=\dimen128
\subfigbottomskip=\skip66
\subfigcapmargin=\dimen129
\subfiglabelskip=\skip67
\c@subfigure=\count121
\c@lofdepth=\count122
\c@subtable=\count123
\c@lotdepth=\count124

****************************************
* Local config file subfigure.cfg used *
****************************************
(/usr/local/texlive/2011/texmf-dist/tex/latex/subfigure/subfigure.cfg)
\subfig@top=\skip68
\subfig@bottom=\skip69
)
(/usr/local/texlive/2011/texmf-dist/tex/latex/bbm-macros/bbm.sty
Package: bbm 1999/03/15 V 1.2 provides fonts for set symbols - TH
LaTeX Font Info:    Overwriting math alphabet `\mathbbm' in version `bold'
(Font)                  U/bbm/m/n --> U/bbm/bx/n on input line 33.
LaTeX Font Info:    Overwriting math alphabet `\mathbbmss' in version `bold'
(Font)                  U/bbmss/m/n --> U/bbmss/bx/n on input line 35.
)
(/usr/local/texlive/2011/texmf-dist/tex/latex/graphics/color.sty
Package: color 2005/11/14 v1.0j Standard LaTeX Color (DPC)

(/usr/local/texlive/2011/texmf-dist/tex/latex/latexconfig/color.cfg
File: color.cfg 2007/01/18 v1.5 color configuration of teTeX/TeXLive
)
Package color Info: Driver file: pdftex.def on input line 130.
)
(/usr/local/texlive/2011/texmf-dist/tex/latex/xcolor/xcolor.sty
Package: xcolor 2007/01/21 v2.11 LaTeX color extensions (UK)

(/usr/local/texlive/2011/texmf-dist/tex/latex/latexconfig/color.cfg
File: color.cfg 2007/01/18 v1.5 color configuration of teTeX/TeXLive
)
Package xcolor Info: Driver file: pdftex.def on input line 225.
LaTeX Info: Redefining \color on input line 702.
Package xcolor Info: Model `cmy' substituted by `cmy0' on input line 1337.
Package xcolor Info: Model `hsb' substituted by `rgb' on input line 1341.
Package xcolor Info: Model `RGB' extended on input line 1353.
Package xcolor Info: Model `HTML' substituted by `rgb' on input line 1355.
Package xcolor Info: Model `Hsb' substituted by `hsb' on input line 1356.
Package xcolor Info: Model `tHsb' substituted by `hsb' on input line 1357.
Package xcolor Info: Model `HSB' substituted by `hsb' on input line 1358.
Package xcolor Info: Model `Gray' substituted by `gray' on input line 1359.
Package xcolor Info: Model `wave' substituted by `hsb' on input line 1360.
)
(/usr/local/texlive/2011/texmf-dist/tex/latex/xpackages/xbase/xparse.sty
(/usr/local/texlive/2011/texmf-dist/tex/latex/expl3/l3names.sty
Package: l3names 2011/01/08 v2122 L3 Experimental Naming Scheme for TeX Primiti
ves
)
Package: xparse 2011/04/08 v2219 Generic document command parser

(/usr/local/texlive/2011/texmf-dist/tex/latex/expl3/expl3.sty
Package: expl3 2011/04/09 v2222 L3 Experimental code bundle wrapper

(/usr/local/texlive/2011/texmf-dist/tex/latex/etex-pkg/etex.sty
Package: etex 1998/03/26 v2.0 eTeX basic definition package (PEB)
\et@xins=\count125
)
(/usr/local/texlive/2011/texmf-dist/tex/latex/expl3/l3basics.sty
Package: l3basics 2011/04/23 v2246 L3 Experimental basic definitions
)
(/usr/local/texlive/2011/texmf-dist/tex/latex/expl3/l3expan.sty
Package: l3expan 2011/04/09 v2223 L3 Experimental Argument Expansion module
)
(/usr/local/texlive/2011/texmf-dist/tex/latex/expl3/l3tl.sty
Package: l3tl 2011/04/09 v2223 L3 Experimental Token Lists
)
(/usr/local/texlive/2011/texmf-dist/tex/latex/expl3/l3int.sty
Package: l3int 2011/04/11 v2229 L3 Experimental Integer module
\l_tmpa_int=\count126
\l_tmpb_int=\count127
\l_tmpc_int=\count128
\g_tmpa_int=\count129
\g_tmpb_int=\count130
\c_max_int=\count131
\g_tl_inline_level_int=\count132
\g_prg_inline_level_int=\count133
)
(/usr/local/texlive/2011/texmf-dist/tex/latex/expl3/l3quark.sty
Package: l3quark 2011/04/14 v2234 L3 Experimental Quark Commands
)
(/usr/local/texlive/2011/texmf-dist/tex/latex/expl3/l3seq.sty
Package: l3seq 2011/04/21 v2245 The LaTeX3 kernel: sequences and stacks
\g_seq_nesting_depth_int=\count134
)
(/usr/local/texlive/2011/texmf-dist/tex/latex/expl3/l3toks.sty
Package: l3toks 2011/04/09 v2223 L3 Experimental Token Registers
\l_tmpb_toks=\toks36
\l_tmpc_toks=\toks37
\g_tmpa_toks=\toks38
\g_tmpb_toks=\toks39
\g_tmpc_toks=\toks40
\c_empty_toks=\toks41
\l_tl_replace_toks=\toks42
)
(/usr/local/texlive/2011/texmf-dist/tex/latex/expl3/l3prg.sty
Package: l3prg 2011/04/09 v2223 L3 Experimental control structures
)
(/usr/local/texlive/2011/texmf-dist/tex/latex/expl3/l3clist.sty
Package: l3clist 2011/04/09 v2223 L3 Experimental comma separated lists
\g_clist_map_inline_int=\count135
)
(/usr/local/texlive/2011/texmf-dist/tex/latex/expl3/l3token.sty
Package: l3token 2011/04/09 v2223 L3 Experimental token investigation and manip
ulation
)
(/usr/local/texlive/2011/texmf-dist/tex/latex/expl3/l3prop.sty
Package: l3prop 2011/04/09 v2223 L3 Experimental Property Lists
\g_prop_inline_level_int=\count136
)
(/usr/local/texlive/2011/texmf-dist/tex/latex/expl3/l3msg.sty
Package: l3msg 2010/10/02 v2052 L3 Experimental LaTeX Messages module
\l_msg_redirect_classes_prop=\toks43
\l_msg_redirect_names_prop=\toks44
\l_msg_redirect_fatal_prop=\toks45
\l_msg_redirect_error_prop=\toks46
\l_msg_redirect_warning_prop=\toks47
\l_msg_redirect_info_prop=\toks48
\l_msg_redirect_log_prop=\toks49
\l_msg_redirect_trace_prop=\toks50
\l_msg_redirect_none_prop=\toks51
)
(/usr/local/texlive/2011/texmf-dist/tex/latex/expl3/l3io.sty
Package: l3io 2010/10/03 v2063 L3 Experimental i/o module
\g_iow_streams_prop=\toks52
\g_ior_streams_prop=\toks53
\l_iow_stream_int=\count137
)
(/usr/local/texlive/2011/texmf-dist/tex/latex/expl3/l3skip.sty
Package: l3skip 2011/02/15 v2149 L3 Experimental skip registers
\l_tmpa_skip=\skip70
\l_tmpb_skip=\skip71
\l_tmpc_skip=\skip72
\g_tmpa_skip=\skip73
\g_tmpb_skip=\skip74
\l_tmpa_dim=\dimen130
\l_tmpb_dim=\dimen131
\l_tmpc_dim=\dimen132
\l_tmpd_dim=\dimen133
\g_tmpa_dim=\dimen134
\g_tmpb_dim=\dimen135
)
(/usr/local/texlive/2011/texmf-dist/tex/latex/expl3/l3box.sty
Package: l3box 2011/04/09 v2223 L3 Experimental Box module
\l_tmpb_box=\box34
)
(/usr/local/texlive/2011/texmf-dist/tex/latex/expl3/l3keyval.sty
Package: l3keyval 2011/04/09 v2223 L3 Experimental keyval processing
\l_KV_level_int=\count138
)
(/usr/local/texlive/2011/texmf-dist/tex/latex/expl3/l3keys.sty
Package: l3keys 2010/11/11 v2082 L3 Experimental key-value support
\l_keys_choice_int=\count139
)
(/usr/local/texlive/2011/texmf-dist/tex/latex/expl3/l3precom.sty
Package: l3precom 2011/04/09 v2223 L3 Experimental precompilation module
\g_gen_sym_int=\count140
\g_ggen_sym_int=\count141
)
(/usr/local/texlive/2011/texmf-dist/tex/latex/expl3/l3xref.sty
Package: l3xref 2011/04/09 v2223 L3 Experimental cross referencing
\g_xref_all_curr_immediate_fields_prop=\toks54
\g_xref_all_curr_deferred_fields_prop=\toks55
)
(/usr/local/texlive/2011/texmf-dist/tex/latex/expl3/l3file.sty
Package: l3file 2011/04/21 v2242 The LaTeX3 kernel: file operations
)
(/usr/local/texlive/2011/texmf-dist/tex/latex/expl3/l3fp.sty
Package: l3fp 2011/03/19 v2201 L3 Experimental floating-point operations
\c_one_million=\count142
\c_one_hundred_million=\count143
\c_five_hundred_million=\count144
\c_one_thousand_million=\count145
\c_fp_pi_by_four_decimal_int=\count146
\c_fp_pi_by_four_extended_int=\count147
\c_fp_pi_decimal_int=\count148
\c_fp_pi_extended_int=\count149
\c_fp_two_pi_decimal_int=\count150
\c_fp_two_pi_extended_int=\count151
\l_fp_count_int=\count152
\l_fp_div_offset_int=\count153
\l_fp_exp_integer_int=\count154
\l_fp_exp_decimal_int=\count155
\l_fp_exp_extended_int=\count156
\l_fp_exp_exponent_int=\count157
\l_fp_input_a_sign_int=\count158
\l_fp_input_a_integer_int=\count159
\l_fp_input_a_decimal_int=\count160
\l_fp_input_a_exponent_int=\count161
\l_fp_input_b_sign_int=\count162
\l_fp_input_b_integer_int=\count163
\l_fp_input_b_decimal_int=\count164
\l_fp_input_b_exponent_int=\count165
\l_fp_input_a_extended_int=\count166
\l_fp_input_b_extended_int=\count167
\l_fp_mul_a_i_int=\count168
\l_fp_mul_a_ii_int=\count169
\l_fp_mul_a_iii_int=\count170
\l_fp_mul_a_iv_int=\count171
\l_fp_mul_a_v_int=\count172
\l_fp_mul_a_vi_int=\count173
\l_fp_mul_b_i_int=\count174
\l_fp_mul_b_ii_int=\count175
\l_fp_mul_b_iii_int=\count176
\l_fp_mul_b_iv_int=\count177
\l_fp_mul_b_v_int=\count178
\l_fp_mul_b_vi_int=\count179
\l_fp_mul_output_int=\count180
\l_fp_output_sign_int=\count181
\l_fp_output_integer_int=\count182
\l_fp_output_decimal_int=\count183
\l_fp_output_exponent_int=\count184
\l_fp_output_extended_int=\count185
\l_fp_round_position_int=\count186
\l_fp_round_target_int=\count187
\l_fp_split_sign_int=\count188
\l_fp_tmp_int=\count189
\l_fp_trig_octant_int=\count190
\l_fp_trig_sign_int=\count191
\l_fp_trig_decimal_int=\count192
\l_fp_trig_extended_int=\count193
\l_fp_tmp_dim=\dimen136
\l_fp_tmp_skip=\skip75
)
(/usr/local/texlive/2011/texmf-dist/tex/latex/expl3/l3luatex.sty
Package: l3luatex 2010/07/18 v1985 L3 Experimental LuaTeX functions
\g_cctab_allocate_int=\count194
\g_cctab_stack_int=\count195
)
(/usr/local/texlive/2011/texmf-dist/tex/latex/tools/calc.sty
Package: calc 2007/08/22 v4.3 Infix arithmetic (KKT,FJ)
\calc@Acount=\count196
\calc@Bcount=\count197
\calc@Adimen=\dimen137
\calc@Bdimen=\dimen138
\calc@Askip=\skip76
\calc@Bskip=\skip77
LaTeX Info: Redefining \setlength on input line 76.
LaTeX Info: Redefining \addtolength on input line 77.
\calc@Ccount=\count198
\calc@Cskip=\skip78
))
\c_xparse_shorthands_prop=\toks56
\l_xparse_m_args_int=\count199
\l_xparse_mandatory_args_int=\count200
\l_xparse_processor_int=\count201
Normal \count register pool exhausted, switching to extended pool.
\l_xparse_total_args_int=\count277
)
(/usr/local/texlive/2011/texmf-dist/tex/latex/booktabs/booktabs.sty
Package: booktabs 2005/04/14 v1.61803 publication quality tables
\heavyrulewidth=\dimen139
\lightrulewidth=\dimen140
\cmidrulewidth=\dimen141
\belowrulesep=\dimen142
\belowbottomsep=\dimen143
\aboverulesep=\dimen144
\abovetopsep=\dimen145
\cmidrulesep=\dimen146
\cmidrulekern=\dimen147
\defaultaddspace=\dimen148
\@cmidla=\count278
\@cmidlb=\count279
\@aboverulesep=\dimen149
\@belowrulesep=\dimen150
\@thisruleclass=\count280
\@lastruleclass=\count281
\@thisrulewidth=\dimen151
)
 LaTeX info: Defining document command \framecolorbox
(LaTeX)  with arg. spec. 'oommm' on line 95.


(./paper.aux)
\openout1 = `paper.aux'.

LaTeX Font Info:    Checking defaults for OML/cmm/m/it on input line 111.
LaTeX Font Info:    ... okay on input line 111.
LaTeX Font Info:    Checking defaults for T1/cmr/m/n on input line 111.
LaTeX Font Info:    ... okay on input line 111.
LaTeX Font Info:    Checking defaults for OT1/cmr/m/n on input line 111.
LaTeX Font Info:    ... okay on input line 111.
LaTeX Font Info:    Checking defaults for OMS/cmsy/m/n on input line 111.
LaTeX Font Info:    ... okay on input line 111.
LaTeX Font Info:    Checking defaults for OMX/cmex/m/n on input line 111.
LaTeX Font Info:    ... okay on input line 111.
LaTeX Font Info:    Checking defaults for U/cmr/m/n on input line 111.
LaTeX Font Info:    ... okay on input line 111.
LaTeX Font Info:    Checking defaults for TS1/cmr/m/n on input line 111.
LaTeX Font Info:    ... okay on input line 111.
LaTeX Font Info:    Try loading font information for OT1+ptm on input line 111.

 (/usr/local/texlive/2011/texmf-dist/tex/latex/psnfss/ot1ptm.fd
File: ot1ptm.fd 2001/06/04 font definitions for OT1/ptm.
)
(/usr/local/texlive/2011/texmf-dist/tex/context/base/supp-pdf.mkii
[Loading MPS to PDF converter (version 2006.09.02).]
\scratchcounter=\count282
\scratchdimen=\dimen152
\scratchbox=\box35
\nofMPsegments=\count283
\nofMParguments=\count284
\everyMPshowfont=\toks57
\MPscratchCnt=\count285
\MPscratchDim=\dimen153
\MPnumerator=\count286
\makeMPintoPDFobject=\count287
\everyMPtoPDFconversion=\toks58
) (/usr/local/texlive/2011/texmf-dist/tex/generic/oberdiek/pdftexcmds.sty
Package: pdftexcmds 2011/04/22 v0.16 Utilities of pdfTeX for LuaTeX (HO)

(/usr/local/texlive/2011/texmf-dist/tex/generic/oberdiek/ifluatex.sty
Package: ifluatex 2010/03/01 v1.3 Provides the ifluatex switch (HO)
Package ifluatex Info: LuaTeX not detected.
)
Package pdftexcmds Info: LuaTeX not detected.
Package pdftexcmds Info: \pdf@primitive is available.
Package pdftexcmds Info: \pdf@ifprimitive is available.
Package pdftexcmds Info: \pdfdraftmode found.
)
(/usr/local/texlive/2011/texmf-dist/tex/latex/oberdiek/epstopdf-base.sty
Package: epstopdf-base 2010/02/09 v2.5 Base part for package epstopdf

(/usr/local/texlive/2011/texmf-dist/tex/latex/oberdiek/grfext.sty
Package: grfext 2010/08/19 v1.1 Managing graphics extensions (HO)

(/usr/local/texlive/2011/texmf-dist/tex/generic/oberdiek/kvdefinekeys.sty
Package: kvdefinekeys 2011/04/07 v1.3 Defining keys (HO)
))
(/usr/local/texlive/2011/texmf-dist/tex/latex/oberdiek/kvoptions.sty
Package: kvoptions 2010/12/23 v3.10 Keyval support for LaTeX options (HO)

(/usr/local/texlive/2011/texmf-dist/tex/generic/oberdiek/kvsetkeys.sty
Package: kvsetkeys 2011/04/07 v1.13 Key value parser (HO)

(/usr/local/texlive/2011/texmf-dist/tex/generic/oberdiek/etexcmds.sty
Package: etexcmds 2011/02/16 v1.5 Prefix for e-TeX command names (HO)
Package etexcmds Info: Could not find \expanded.
(etexcmds)             That can mean that you are not using pdfTeX 1.50 or
(etexcmds)             that some package has redefined \expanded.
(etexcmds)             In the latter case, load this package earlier.
)))
Package grfext Info: Graphics extension search list:
(grfext)             [.png,.pdf,.jpg,.mps,.jpeg,.jbig2,.jb2,.PNG,.PDF,.JPG,.JPE
G,.JBIG2,.JB2,.eps]
(grfext)             \AppendGraphicsExtensions on input line 452.

(/usr/local/texlive/2011/texmf-dist/tex/latex/latexconfig/epstopdf-sys.cfg
File: epstopdf-sys.cfg 2010/07/13 v1.3 Configuration of (r)epstopdf for TeX Liv
e
))
*geometry* driver: auto-detecting
*geometry* detected driver: pdftex
*geometry* verbose mode - [ preamble ] result:
* driver: pdftex
* paper: <default>
* layout: <same size as paper>
* layoutoffset:(h,v)=(0.0pt,0.0pt)
* modes: twoside asymmetric 
* h-part:(L,W,R)=(73.71613pt, 430.00462pt, 110.57425pt)
* v-part:(T,H,B)=(95.39737pt, 556.47656pt, 143.09605pt)
* \paperwidth=614.295pt
* \paperheight=794.96999pt
* \textwidth=430.00462pt
* \textheight=556.47656pt
* \oddsidemargin=1.44614pt
* \evensidemargin=1.44614pt
* \topmargin=-2.87262pt
* \headheight=12.0pt
* \headsep=14.0pt
* \topskip=11.0pt
* \footskip=14.0pt
* \marginparwidth=59.0pt
* \marginparsep=10.0pt
* \columnsep=10.0pt
* \skip\footins=10.0pt plus 4.0pt minus 2.0pt
* \hoffset=0.0pt
* \voffset=0.0pt
* \mag=1000
* \@twocolumnfalse
* \@twosidetrue
* \@mparswitchfalse
* \@reversemarginfalse
* (1in=72.27pt=25.4mm, 1cm=28.453pt)

LaTeX Font Info:    Font shape `OT1/ptm/bx/n' in size <10.95> not available
(Font)              Font shape `OT1/ptm/b/n' tried instead on input line 114.
LaTeX Font Info:    Try loading font information for U+msa on input line 114.
(/usr/local/texlive/2011/texmf-dist/tex/latex/amsfonts/umsa.fd
File: umsa.fd 2009/06/22 v3.00 AMS symbols A
)
LaTeX Font Info:    Try loading font information for U+msb on input line 114.

(/usr/local/texlive/2011/texmf-dist/tex/latex/amsfonts/umsb.fd
File: umsb.fd 2009/06/22 v3.00 AMS symbols B
)
\@address@1=\toks59
 [1{/usr/local/texlive/2011/texmf-var/fonts/map/pdftex/updmap/pdftex.map}

]
LaTeX Font Info:    Try loading font information for OMS+ptm on input line 216.


(/usr/local/texlive/2011/texmf-dist/tex/latex/psnfss/omsptm.fd
File: omsptm.fd 
)
LaTeX Font Info:    Font shape `OMS/ptm/m/n' in size <10.95> not available
(Font)              Font shape `OMS/cmsy/m/n' tried instead on input line 216.
 [2] [3]
<Figures/LegendExamplePlot.pdf, id=18, 433.62pt x 72.27pt>
File: Figures/LegendExamplePlot.pdf Graphic file (type pdf)

<use Figures/LegendExamplePlot.pdf>
Package pdftex.def Info: Figures/LegendExamplePlot.pdf used on input line 264.
(pdftex.def)             Requested size: 433.61894pt x 72.2698pt.

Overfull \hbox (5.32434pt too wide) in paragraph at lines 264--266
 []|  [] 
 []

<Figures/ExamplePlot1.pdf, id=19, 201.75375pt x 201.75375pt>
File: Figures/ExamplePlot1.pdf Graphic file (type pdf)

<use Figures/ExamplePlot1.pdf>
Package pdftex.def Info: Figures/ExamplePlot1.pdf used on input line 271.
(pdftex.def)             Requested size: 210.70462pt x 210.70555pt.

<Figures/ExamplePlot2.pdf, id=20, 201.75375pt x 201.75375pt>
File: Figures/ExamplePlot2.pdf Graphic file (type pdf)

<use Figures/ExamplePlot2.pdf>
Package pdftex.def Info: Figures/ExamplePlot2.pdf used on input line 275.
(pdftex.def)             Requested size: 210.70462pt x 210.70555pt.
 [4 <./Figures/LegendExamplePlot.pdf> <./Figures/ExamplePlot1.pdf> <./Figures/E
xamplePlot2.pdf>] [5] [6] [7] [8] [9]
LaTeX Font Info:    Try loading font information for U+bbm on input line 413.

(/usr/local/texlive/2011/texmf-dist/tex/latex/bbm-macros/ubbm.fd
File: ubbm.fd 1999/03/15 V 1.2 Font definition for bbm font - TH
)
<Figures/LegendSynthetic.pdf, id=68, 433.62pt x 72.27pt>
File: Figures/LegendSynthetic.pdf Graphic file (type pdf)

<use Figures/LegendSynthetic.pdf>
Package pdftex.def Info: Figures/LegendSynthetic.pdf used on input line 433.
(pdftex.def)             Requested size: 433.61894pt x 72.2698pt.

<Figures/SyntheticSigma2.pdf, id=69, 144.54pt x 129.48375pt>
File: Figures/SyntheticSigma2.pdf Graphic file (type pdf)

<use Figures/SyntheticSigma2.pdf>
Package pdftex.def Info: Figures/SyntheticSigma2.pdf used on input line 439.
(pdftex.def)             Requested size: 144.53963pt x 129.48341pt.

<Figures/SyntheticBeta.pdf, id=70, 144.54pt x 129.48375pt>
File: Figures/SyntheticBeta.pdf Graphic file (type pdf)

<use Figures/SyntheticBeta.pdf>
Package pdftex.def Info: Figures/SyntheticBeta.pdf used on input line 443.
(pdftex.def)             Requested size: 144.53963pt x 129.48341pt.

<Figures/SyntheticK.pdf, id=71, 144.54pt x 129.48375pt>
File: Figures/SyntheticK.pdf Graphic file (type pdf)

<use Figures/SyntheticK.pdf>
Package pdftex.def Info: Figures/SyntheticK.pdf used on input line 447.
(pdftex.def)             Requested size: 144.53963pt x 129.48341pt.

<Figures/SyntheticSigma2bias.pdf, id=72, 144.54pt x 129.48375pt>
File: Figures/SyntheticSigma2bias.pdf Graphic file (type pdf)

<use Figures/SyntheticSigma2bias.pdf>
Package pdftex.def Info: Figures/SyntheticSigma2bias.pdf used on input line 454
.
(pdftex.def)             Requested size: 144.53963pt x 129.48341pt.

<Figures/SyntheticBetabias.pdf, id=73, 144.54pt x 129.48375pt>
File: Figures/SyntheticBetabias.pdf Graphic file (type pdf)

<use Figures/SyntheticBetabias.pdf>
Package pdftex.def Info: Figures/SyntheticBetabias.pdf used on input line 458.
(pdftex.def)             Requested size: 144.53963pt x 129.48341pt.

<Figures/SyntheticKbias.pdf, id=74, 144.54pt x 129.48375pt>
File: Figures/SyntheticKbias.pdf Graphic file (type pdf)

<use Figures/SyntheticKbias.pdf>
Package pdftex.def Info: Figures/SyntheticKbias.pdf used on input line 462.
(pdftex.def)             Requested size: 144.53963pt x 129.48341pt.


LaTeX Warning: `!h' float specifier changed to `!ht'.

[10] [11 <./Figures/LegendSynthetic.pdf> <./Figures/SyntheticSigma2.pdf> <./Fig
ures/SyntheticBeta.pdf> <./Figures/SyntheticK.pdf> <./Figures/SyntheticSigma2bi
as.pdf> <./Figures/SyntheticBetabias.pdf> <./Figures/SyntheticKbias.pdf>]
[12] [13] [14] [15]
LaTeX Font Info:    Font shape `OT1/ptm/bx/n' in size <9> not available
(Font)              Font shape `OT1/ptm/b/n' tried instead on input line 591.
 [16]
*geometry* verbose mode - [ newgeometry ] result:
* driver: pdftex
* paper: <default>
* layout: <same size as paper>
* layoutoffset:(h,v)=(0.0pt,0.0pt)
* modes: twoside asymmetric 
* h-part:(L,W,R)=(142.26378pt, 443.57848pt, 28.45274pt)
* v-part:(T,H,B)=(95.39737pt, 696.72717pt, 2.84544pt)
* \paperwidth=614.295pt
* \paperheight=794.96999pt
* \textwidth=443.57848pt
* \textheight=696.72717pt
* \oddsidemargin=69.99379pt
* \evensidemargin=69.99379pt
* \topmargin=-2.87262pt
* \headheight=12.0pt
* \headsep=14.0pt
* \topskip=11.0pt
* \footskip=14.0pt
* \marginparwidth=59.0pt
* \marginparsep=10.0pt
* \columnsep=10.0pt
* \skip\footins=10.0pt plus 4.0pt minus 2.0pt
* \hoffset=0.0pt
* \voffset=0.0pt
* \mag=1000
* \@twocolumnfalse
* \@twosidetrue
* \@mparswitchfalse
* \@reversemarginfalse
* (1in=72.27pt=25.4mm, 1cm=28.453pt)


<Figures/CalibrationNONE10.pdf, id=139, 122.4575pt x 115.43124pt>
File: Figures/CalibrationNONE10.pdf Graphic file (type pdf)

<use Figures/CalibrationNONE10.pdf>
Package pdftex.def Info: Figures/CalibrationNONE10.pdf used on input line 636.
(pdftex.def)             Requested size: 122.45718pt x 115.43095pt.

<Figures/CalibrationLOG10.pdf, id=140, 100.375pt x 115.43124pt>
File: Figures/CalibrationLOG10.pdf Graphic file (type pdf)

<use Figures/CalibrationLOG10.pdf>
Package pdftex.def Info: Figures/CalibrationLOG10.pdf used on input line 640.
(pdftex.def)             Requested size: 100.37474pt x 115.43095pt.

<Figures/CalibrationBRI10.pdf, id=141, 100.375pt x 115.43124pt>
File: Figures/CalibrationBRI10.pdf Graphic file (type pdf)

<use Figures/CalibrationBRI10.pdf>
Package pdftex.def Info: Figures/CalibrationBRI10.pdf used on input line 644.
(pdftex.def)             Requested size: 100.37474pt x 115.43095pt.

<Figures/CalibrationFULL10.pdf, id=142, 122.4575pt x 115.43124pt>
File: Figures/CalibrationFULL10.pdf Graphic file (type pdf)

<use Figures/CalibrationFULL10.pdf>
Package pdftex.def Info: Figures/CalibrationFULL10.pdf used on input line 648.
(pdftex.def)             Requested size: 122.45718pt x 115.43095pt.

<Figures/CalibrationNONE.pdf, id=143, 122.4575pt x 122.4575pt>
File: Figures/CalibrationNONE.pdf Graphic file (type pdf)

<use Figures/CalibrationNONE.pdf>
Package pdftex.def Info: Figures/CalibrationNONE.pdf used on input line 654.
(pdftex.def)             Requested size: 122.45718pt x 122.45718pt.

<Figures/CalibrationSTO-Log.pdf, id=144, 100.375pt x 122.4575pt>
File: Figures/CalibrationSTO-Log.pdf Graphic file (type pdf)

<use Figures/CalibrationSTO-Log.pdf>
Package pdftex.def Info: Figures/CalibrationSTO-Log.pdf used on input line 658.

(pdftex.def)             Requested size: 100.37474pt x 122.45718pt.

<Figures/CalibrationSTO-Bri.pdf, id=145, 100.375pt x 122.4575pt>
File: Figures/CalibrationSTO-Bri.pdf Graphic file (type pdf)

<use Figures/CalibrationSTO-Bri.pdf>
Package pdftex.def Info: Figures/CalibrationSTO-Bri.pdf used on input line 662.

(pdftex.def)             Requested size: 100.37474pt x 122.45718pt.

<Figures/CalibrationSO.pdf, id=146, 122.4575pt x 122.4575pt>
File: Figures/CalibrationSO.pdf Graphic file (type pdf)

<use Figures/CalibrationSO.pdf>
Package pdftex.def Info: Figures/CalibrationSO.pdf used on input line 666.
(pdftex.def)             Requested size: 122.45718pt x 122.45718pt.


LaTeX Warning: `!h' float specifier changed to `!ht'.

[17] [18


 <./Figures/CalibrationNONE10.pdf> <./Figures/CalibrationLOG10.pdf> <./Figures/
CalibrationBRI10.pdf> <./Figures/CalibrationFULL10.pdf> <./Figures/CalibrationN
ONE.pdf> <./Figures/CalibrationSTO-Log.pdf> <./Figures/CalibrationSTO-Bri.pdf> 
<./Figures/CalibrationSO.pdf>]
Missing character: There is no ﬁ in font ptmr7t!

<Figures/BiasesBoxplots.pdf, id=202, 433.62pt x 252.945pt>
File: Figures/BiasesBoxplots.pdf Graphic file (type pdf)

<use Figures/BiasesBoxplots.pdf>
Package pdftex.def Info: Figures/BiasesBoxplots.pdf used on input line 693.
(pdftex.def)             Requested size: 433.61894pt x 252.94438pt.

Overfull \hbox (3.61432pt too wide) in paragraph at lines 693--696
 [][] 
 []

[19]
File: Figures/LegendExamplePlot.pdf Graphic file (type pdf)
 <use Figures/LegendExamplePlot.pdf>
Package pdftex.def Info: Figures/LegendExamplePlot.pdf used on input line 724.
(pdftex.def)             Requested size: 433.61894pt x 72.2698pt.

Overfull \hbox (5.32434pt too wide) in paragraph at lines 724--726
 []|  [] 
 []

<Figures/ExamplePlot1b.pdf, id=207, 201.75375pt x 201.75375pt>
File: Figures/ExamplePlot1b.pdf Graphic file (type pdf)

<use Figures/ExamplePlot1b.pdf>
Package pdftex.def Info: Figures/ExamplePlot1b.pdf used on input line 731.
(pdftex.def)             Requested size: 201.75325pt x 201.75325pt.

<Figures/ExamplePlot2b.pdf, id=208, 201.75375pt x 201.75375pt>
File: Figures/ExamplePlot2b.pdf Graphic file (type pdf)

<use Figures/ExamplePlot2b.pdf>
Package pdftex.def Info: Figures/ExamplePlot2b.pdf used on input line 735.
(pdftex.def)             Requested size: 201.75325pt x 201.75325pt.


LaTeX Warning: `!h' float specifier changed to `!ht'.

[20 <./Figures/BiasesBoxplots.pdf>] [21 <./Figures/ExamplePlot1b.pdf> <./Figure
s/ExamplePlot2b.pdf>] [22]
Overfull \hbox (6.79999pt too wide) in paragraph at lines 765--766
 [][][] 
 []

[23]
Overfull \hbox (6.79999pt too wide) in paragraph at lines 794--795
 [][][] 
 []


Overfull \hbox (4.43887pt too wide) in paragraph at lines 796--797
\OT1/ptm/m/n/10.95 First, vec-tor-ize all the re-sponse vec-tors $[][]$ into a 
sin-gle vec-tor de-noted $[][] \OT1/cmr/m/n/10.95 = [][]$\OT1/ptm/m/n/10.95 .
 []


Overfull \hbox (6.79999pt too wide) in paragraph at lines 808--809
 [][][] 
 []

[24] (./paper.bbl [25] [26]
Missing character: There is no ‚ in font ptmrc7t!
Missing character: There is no Ä in font ptmrc7t!
Missing character: There is no ô in font ptmrc7t!
Missing character: There is no ‚ in font ptmr7t!
Missing character: There is no Ä in font ptmr7t!
Missing character: There is no ú in font ptmr7t!
Missing character: There is no ‚ in font ptmr7t!
Missing character: There is no Ä in font ptmr7t!
Missing character: There is no ù in font ptmr7t!
) [27] (./paper.aux) ) 
Here is how much of TeX's memory you used:
 10271 strings out of 493633
 160883 string characters out of 3143378
 211097 words of memory out of 3000000
 13298 multiletter control sequences out of 15000+200000
 36109 words of font info for 83 fonts, out of 3000000 for 9000
 831 hyphenation exceptions out of 8191
 38i,16n,43p,1953b,447s stack positions out of 5000i,500n,10000p,200000b,50000s
 </Users/ville/Library/texlive/2011/texmf-var/fonts/pk/lj
four/public/bbm/bbm10.657pk>{/usr/local/texlive/2011/texmf-dist/fonts/enc/dvips
/base/8r.enc}</usr/local/texlive/2011/texmf-dist/fonts/type1/public/amsfonts/cm
/cmbx10.pfb></usr/local/texlive/2011/texmf-dist/fonts/type1/public/amsfonts/cm/
cmex10.pfb></usr/local/texlive/2011/texmf-dist/fonts/type1/public/amsfonts/cm/c
mmi10.pfb></usr/local/texlive/2011/texmf-dist/fonts/type1/public/amsfonts/cm/cm
mi6.pfb></usr/local/texlive/2011/texmf-dist/fonts/type1/public/amsfonts/cm/cmmi
8.pfb></usr/local/texlive/2011/texmf-dist/fonts/type1/public/amsfonts/cm/cmmi9.
pfb></usr/local/texlive/2011/texmf-dist/fonts/type1/public/amsfonts/cm/cmmib10.
pfb></usr/local/texlive/2011/texmf-dist/fonts/type1/public/amsfonts/cmextra/cmm
ib7.pfb></usr/local/texlive/2011/texmf-dist/fonts/type1/public/amsfonts/cm/cmr1
0.pfb></usr/local/texlive/2011/texmf-dist/fonts/type1/public/amsfonts/cm/cmr6.p
fb></usr/local/texlive/2011/texmf-dist/fonts/type1/public/amsfonts/cm/cmr8.pfb>
</usr/local/texlive/2011/texmf-dist/fonts/type1/public/amsfonts/cm/cmr9.pfb></u
sr/local/texlive/2011/texmf-dist/fonts/type1/public/amsfonts/cm/cmsy10.pfb></us
r/local/texlive/2011/texmf-dist/fonts/type1/public/amsfonts/cm/cmsy6.pfb></usr/
local/texlive/2011/texmf-dist/fonts/type1/public/amsfonts/cm/cmsy8.pfb></usr/lo
cal/texlive/2011/texmf-dist/fonts/type1/public/amsfonts/symbols/msbm10.pfb></us
r/local/texlive/2011/texmf-dist/fonts/type1/urw/times/utmb8a.pfb></usr/local/te
xlive/2011/texmf-dist/fonts/type1/urw/times/utmr8a.pfb></usr/local/texlive/2011
/texmf-dist/fonts/type1/urw/times/utmri8a.pfb>
Output written on paper.pdf (27 pages, 416126 bytes).
PDF statistics:
 319 PDF objects out of 1000 (max. 8388607)
 225 compressed objects within 3 object streams
 0 named destinations out of 1000 (max. 500000)
 106 words of extra memory for PDF output out of 10000 (max. 10000000)

